[INFO] Scanning for projects...
[INFO] 
[INFO] ---------------------------< org.gb:billing >---------------------------
[INFO] Building billing 0.0.1-SNAPSHOT
[INFO]   from pom.xml
[INFO] --------------------------------[ jar ]---------------------------------
[INFO] 
[INFO] --- resources:3.3.1:resources (default-resources) @ billing ---
[INFO] Copying 3 resources from src\main\resources to target\classes
[INFO] Copying 7 resources from src\main\resources to target\classes
[INFO] 
[INFO] --- compiler:3.11.0:compile (default-compile) @ billing ---
[INFO] Changes detected - recompiling the module! :source
[INFO] Compiling 67 source files with javac [debug release 17] to target\classes
[INFO] -------------------------------------------------------------
[ERROR] COMPILATION ERROR : 
[INFO] -------------------------------------------------------------
[ERROR] /C:/Users/rishi/OneDrive/Desktop/spring/billing/src/main/java/org/gb/billing/service/SubscriptionService.java:[94,21] cannot find symbol
  symbol:   method initialize(org.gb.billing.entity.Subscription)
  location: variable stateMachine of type org.gb.billing.service.SubscriptionStateMachine
[ERROR] /C:/Users/rishi/OneDrive/Desktop/spring/billing/src/main/java/org/gb/billing/service/SubscriptionService.java:[216,21] method logUpgrade in class org.gb.billing.service.SubscriptionStateMachine cannot be applied to given types;
  required: org.gb.billing.entity.Subscription,org.gb.billing.entity.BillingPlan,org.gb.billing.entity.BillingPlan
  found:    org.gb.billing.entity.Subscription,org.gb.billing.entity.BillingPlan,org.gb.billing.entity.BillingPlan,java.util.UUID
  reason: actual and formal argument lists differ in length
[INFO] 2 errors 
[INFO] -------------------------------------------------------------
[INFO] ------------------------------------------------------------------------
[INFO] BUILD FAILURE
[INFO] ------------------------------------------------------------------------
[INFO] Total time:  9.320 s
[INFO] Finished at: 2026-01-25T15:59:44+05:30
[INFO] ------------------------------------------------------------------------
[ERROR] Failed to execute goal org.apache.maven.plugins:maven-compiler-plugin:3.11.0:compile (default-compile) on project billing: Compilation failure: Compilation failure: 
[ERROR] /C:/Users/rishi/OneDrive/Desktop/spring/billing/src/main/java/org/gb/billing/service/SubscriptionService.java:[94,21] cannot find symbol
[ERROR]   symbol:   method initialize(org.gb.billing.entity.Subscription)
[ERROR]   location: variable stateMachine of type org.gb.billing.service.SubscriptionStateMachine
[ERROR] /C:/Users/rishi/OneDrive/Desktop/spring/billing/src/main/java/org/gb/billing/service/SubscriptionService.java:[216,21] method logUpgrade in class org.gb.billing.service.SubscriptionStateMachine cannot be applied to given types;
[ERROR]   required: org.gb.billing.entity.Subscription,org.gb.billing.entity.BillingPlan,org.gb.billing.entity.BillingPlan
[ERROR]   found:    org.gb.billing.entity.Subscription,org.gb.billing.entity.BillingPlan,org.gb.billing.entity.BillingPlan,java.util.UUID
[ERROR]   reason: actual and formal argument lists differ in length
[ERROR] -> [Help 1]
[ERROR] 
[ERROR] To see the full stack trace of the errors, re-run Maven with the -e switch.
[ERROR] Re-run Maven using the -X switch to enable full debug logging.
[ERROR] 
[ERROR] For more information about the errors and possible solutions, please read the following articles:
[ERROR] [Help 1] http://cwiki.apache.org/confluence/display/MAVEN/MojoFailureException
